<?xml version="1.0" encoding="UTF-8"?>
<coverage generated="1624909185807" clover="3.2.0">
  <project timestamp="1624909185807" name="All files">
    <metrics statements="82" coveredstatements="51" conditionals="20" coveredconditionals="8" methods="29" coveredmethods="15" elements="131" coveredelements="74" complexity="0" loc="82" ncloc="82" packages="3" files="8" classes="8"/>
    <package name="src">
      <metrics statements="41" coveredstatements="20" conditionals="6" coveredconditionals="2" methods="13" coveredmethods="5"/>
      <file name="App.js" path="/Users/khyo/trunk-project-2/client/src/App.js">
        <metrics statements="1" coveredstatements="1" conditionals="0" coveredconditionals="0" methods="1" coveredmethods="1"/>
        <line num="11" count="1" type="stmt"/>
      </file>
      <file name="Login.js" path="/Users/khyo/trunk-project-2/client/src/Login.js">
        <metrics statements="17" coveredstatements="8" conditionals="2" coveredconditionals="1" methods="6" coveredmethods="1"/>
        <line num="14" count="2" type="stmt"/>
        <line num="15" count="2" type="stmt"/>
        <line num="16" count="2" type="stmt"/>
        <line num="18" count="2" type="stmt"/>
        <line num="19" count="0" type="stmt"/>
        <line num="20" count="0" type="stmt"/>
        <line num="21" count="0" type="stmt"/>
        <line num="23" count="0" type="stmt"/>
        <line num="26" count="2" type="cond" truecount="1" falsecount="1"/>
        <line num="27" count="0" type="stmt"/>
        <line num="30" count="2" type="stmt"/>
        <line num="35" count="0" type="stmt"/>
        <line num="71" count="2" type="stmt"/>
        <line num="72" count="0" type="stmt"/>
        <line num="77" count="2" type="stmt"/>
        <line num="78" count="0" type="stmt"/>
        <line num="80" count="0" type="stmt"/>
      </file>
      <file name="Signup.js" path="/Users/khyo/trunk-project-2/client/src/Signup.js">
        <metrics statements="23" coveredstatements="11" conditionals="4" coveredconditionals="1" methods="6" coveredmethods="3"/>
        <line num="15" count="2" type="stmt"/>
        <line num="16" count="4" type="stmt"/>
        <line num="17" count="4" type="stmt"/>
        <line num="18" count="4" type="stmt"/>
        <line num="20" count="4" type="stmt"/>
        <line num="21" count="0" type="stmt"/>
        <line num="22" count="0" type="stmt"/>
        <line num="23" count="0" type="stmt"/>
        <line num="24" count="0" type="stmt"/>
        <line num="25" count="0" type="stmt"/>
        <line num="27" count="0" type="cond" truecount="0" falsecount="2"/>
        <line num="28" count="0" type="stmt"/>
        <line num="29" count="0" type="stmt"/>
        <line num="32" count="0" type="stmt"/>
        <line num="35" count="4" type="cond" truecount="1" falsecount="1"/>
        <line num="36" count="0" type="stmt"/>
        <line num="39" count="4" type="stmt"/>
        <line num="44" count="0" type="stmt"/>
        <line num="114" count="2" type="stmt"/>
        <line num="115" count="2" type="stmt"/>
        <line num="120" count="2" type="stmt"/>
        <line num="121" count="1" type="stmt"/>
        <line num="123" count="0" type="stmt"/>
      </file>
    </package>
    <package name="src.components.ActiveChat">
      <metrics statements="23" coveredstatements="15" conditionals="8" coveredconditionals="2" methods="9" coveredmethods="5"/>
      <file name="Header.js" path="/Users/khyo/trunk-project-2/client/src/components/ActiveChat/Header.js">
        <metrics statements="5" coveredstatements="5" conditionals="4" coveredconditionals="2" methods="2" coveredmethods="2"/>
        <line num="6" count="2" type="stmt"/>
        <line num="48" count="2" type="stmt"/>
        <line num="49" count="2" type="stmt"/>
        <line num="50" count="2" type="stmt"/>
        <line num="52" count="2" type="stmt"/>
      </file>
      <file name="Input.js" path="/Users/khyo/trunk-project-2/client/src/components/ActiveChat/Input.js">
        <metrics statements="18" coveredstatements="10" conditionals="4" coveredconditionals="0" methods="7" coveredmethods="3"/>
        <line num="7" count="2" type="stmt"/>
        <line num="22" count="2" type="stmt"/>
        <line num="23" count="2" type="stmt"/>
        <line num="28" count="2" type="stmt"/>
        <line num="29" count="1" type="stmt"/>
        <line num="34" count="2" type="stmt"/>
        <line num="35" count="0" type="stmt"/>
        <line num="37" count="0" type="cond" truecount="0" falsecount="2"/>
        <line num="38" count="0" type="stmt"/>
        <line num="44" count="0" type="stmt"/>
        <line num="45" count="0" type="stmt"/>
        <line num="52" count="3" type="stmt"/>
        <line num="53" count="3" type="stmt"/>
        <line num="70" count="2" type="stmt"/>
        <line num="71" count="0" type="stmt"/>
        <line num="77" count="2" type="stmt"/>
        <line num="78" count="0" type="stmt"/>
        <line num="80" count="0" type="stmt"/>
      </file>
    </package>
    <package name="src.components.Sidebar">
      <metrics statements="18" coveredstatements="16" conditionals="6" coveredconditionals="4" methods="7" coveredmethods="5"/>
      <file name="ChatContent.js" path="/Users/khyo/trunk-project-2/client/src/components/Sidebar/ChatContent.js">
        <metrics statements="6" coveredstatements="6" conditionals="4" coveredconditionals="2" methods="2" coveredmethods="2"/>
        <line num="5" count="3" type="stmt"/>
        <line num="41" count="3" type="stmt"/>
        <line num="42" count="2" type="stmt"/>
        <line num="44" count="2" type="stmt"/>
        <line num="45" count="2" type="stmt"/>
        <line num="47" count="2" type="stmt"/>
      </file>
      <file name="CurrentUser.js" path="/Users/khyo/trunk-project-2/client/src/components/Sidebar/CurrentUser.js">
        <metrics statements="7" coveredstatements="6" conditionals="2" coveredconditionals="2" methods="3" coveredmethods="2"/>
        <line num="8" count="2" type="stmt"/>
        <line num="35" count="2" type="stmt"/>
        <line num="36" count="2" type="stmt"/>
        <line num="38" count="2" type="cond" truecount="2" falsecount="0"/>
        <line num="40" count="2" type="stmt"/>
        <line num="53" count="2" type="stmt"/>
        <line num="54" count="0" type="stmt"/>
      </file>
      <file name="Search.js" path="/Users/khyo/trunk-project-2/client/src/components/Sidebar/Search.js">
        <metrics statements="5" coveredstatements="4" conditionals="0" coveredconditionals="0" methods="2" coveredmethods="1"/>
        <line num="6" count="3" type="stmt"/>
        <line num="28" count="2" type="stmt"/>
        <line num="29" count="0" type="stmt"/>
        <line num="33" count="2" type="stmt"/>
        <line num="34" count="2" type="stmt"/>
      </file>
    </package>
  </project>
</coverage>
