{"/Users/khyo/trunk-project-2/client/src/App.js": {"path":"/Users/khyo/trunk-project-2/client/src/App.js","statementMap":{"0":{"start":{"line":11,"column":2},"end":{"line":19,"column":4}}},"fnMap":{"0":{"name":"App","decl":{"start":{"line":10,"column":9},"end":{"line":10,"column":12}},"loc":{"start":{"line":10,"column":15},"end":{"line":20,"column":1}},"line":10}},"branchMap":{},"s":{"0":1},"f":{"0":1},"b":{},"_coverageSchema":"1a1c01bbd47fc00a2c39e90264f33305004495a9","hash":"cf229240ba329ecc32d065681989efb1eb7f6843"}
,"/Users/khyo/trunk-project-2/client/src/Login.js": {"path":"/Users/khyo/trunk-project-2/client/src/Login.js","statementMap":{"0":{"start":{"line":14,"column":21},"end":{"line":69,"column":1}},"1":{"start":{"line":15,"column":18},"end":{"line":15,"column":30}},"2":{"start":{"line":16,"column":26},"end":{"line":16,"column":31}},"3":{"start":{"line":18,"column":22},"end":{"line":24,"column":3}},"4":{"start":{"line":19,"column":4},"end":{"line":19,"column":27}},"5":{"start":{"line":20,"column":21},"end":{"line":20,"column":48}},"6":{"start":{"line":21,"column":21},"end":{"line":21,"column":48}},"7":{"start":{"line":23,"column":4},"end":{"line":23,"column":40}},"8":{"start":{"line":26,"column":2},"end":{"line":28,"column":3}},"9":{"start":{"line":27,"column":4},"end":{"line":27,"column":35}},"10":{"start":{"line":30,"column":2},"end":{"line":68,"column":4}},"11":{"start":{"line":35,"column":33},"end":{"line":35,"column":58}},"12":{"start":{"line":71,"column":24},"end":{"line":75,"column":1}},"13":{"start":{"line":72,"column":2},"end":{"line":74,"column":4}},"14":{"start":{"line":77,"column":27},"end":{"line":83,"column":1}},"15":{"start":{"line":78,"column":2},"end":{"line":82,"column":4}},"16":{"start":{"line":80,"column":6},"end":{"line":80,"column":35}}},"fnMap":{"0":{"name":"(anonymous_0)","decl":{"start":{"line":14,"column":21},"end":{"line":14,"column":22}},"loc":{"start":{"line":14,"column":32},"end":{"line":69,"column":1}},"line":14},"1":{"name":"(anonymous_1)","decl":{"start":{"line":18,"column":22},"end":{"line":18,"column":23}},"loc":{"start":{"line":18,"column":39},"end":{"line":24,"column":3}},"line":18},"2":{"name":"(anonymous_2)","decl":{"start":{"line":35,"column":27},"end":{"line":35,"column":28}},"loc":{"start":{"line":35,"column":33},"end":{"line":35,"column":58}},"line":35},"3":{"name":"(anonymous_3)","decl":{"start":{"line":71,"column":24},"end":{"line":71,"column":25}},"loc":{"start":{"line":71,"column":35},"end":{"line":75,"column":1}},"line":71},"4":{"name":"(anonymous_4)","decl":{"start":{"line":77,"column":27},"end":{"line":77,"column":28}},"loc":{"start":{"line":77,"column":41},"end":{"line":83,"column":1}},"line":77},"5":{"name":"(anonymous_5)","decl":{"start":{"line":79,"column":11},"end":{"line":79,"column":12}},"loc":{"start":{"line":79,"column":28},"end":{"line":81,"column":5}},"line":79}},"branchMap":{"0":{"loc":{"start":{"line":26,"column":2},"end":{"line":28,"column":3}},"type":"if","locations":[{"start":{"line":26,"column":2},"end":{"line":28,"column":3}},{"start":{"line":26,"column":2},"end":{"line":28,"column":3}}],"line":26}},"s":{"0":2,"1":2,"2":2,"3":2,"4":0,"5":0,"6":0,"7":0,"8":2,"9":0,"10":2,"11":0,"12":2,"13":0,"14":2,"15":0,"16":0},"f":{"0":2,"1":0,"2":0,"3":0,"4":0,"5":0},"b":{"0":[0,2]},"_coverageSchema":"1a1c01bbd47fc00a2c39e90264f33305004495a9","hash":"a16b63007a94e10ed4535ab224e896a7dd78fb99"}
,"/Users/khyo/trunk-project-2/client/src/Signup.js": {"path":"/Users/khyo/trunk-project-2/client/src/Signup.js","statementMap":{"0":{"start":{"line":15,"column":21},"end":{"line":112,"column":1}},"1":{"start":{"line":16,"column":18},"end":{"line":16,"column":30}},"2":{"start":{"line":17,"column":29},"end":{"line":17,"column":34}},"3":{"start":{"line":18,"column":50},"end":{"line":18,"column":62}},"4":{"start":{"line":20,"column":25},"end":{"line":33,"column":3}},"5":{"start":{"line":21,"column":4},"end":{"line":21,"column":27}},"6":{"start":{"line":22,"column":21},"end":{"line":22,"column":48}},"7":{"start":{"line":23,"column":18},"end":{"line":23,"column":42}},"8":{"start":{"line":24,"column":21},"end":{"line":24,"column":48}},"9":{"start":{"line":25,"column":28},"end":{"line":25,"column":62}},"10":{"start":{"line":27,"column":4},"end":{"line":30,"column":5}},"11":{"start":{"line":28,"column":6},"end":{"line":28,"column":71}},"12":{"start":{"line":29,"column":6},"end":{"line":29,"column":13}},"13":{"start":{"line":32,"column":4},"end":{"line":32,"column":50}},"14":{"start":{"line":35,"column":2},"end":{"line":37,"column":3}},"15":{"start":{"line":36,"column":4},"end":{"line":36,"column":35}},"16":{"start":{"line":39,"column":2},"end":{"line":111,"column":4}},"17":{"start":{"line":44,"column":33},"end":{"line":44,"column":55}},"18":{"start":{"line":114,"column":24},"end":{"line":118,"column":1}},"19":{"start":{"line":115,"column":2},"end":{"line":117,"column":4}},"20":{"start":{"line":120,"column":27},"end":{"line":126,"column":1}},"21":{"start":{"line":121,"column":2},"end":{"line":125,"column":4}},"22":{"start":{"line":123,"column":6},"end":{"line":123,"column":38}}},"fnMap":{"0":{"name":"(anonymous_0)","decl":{"start":{"line":15,"column":21},"end":{"line":15,"column":22}},"loc":{"start":{"line":15,"column":32},"end":{"line":112,"column":1}},"line":15},"1":{"name":"(anonymous_1)","decl":{"start":{"line":20,"column":25},"end":{"line":20,"column":26}},"loc":{"start":{"line":20,"column":42},"end":{"line":33,"column":3}},"line":20},"2":{"name":"(anonymous_2)","decl":{"start":{"line":44,"column":27},"end":{"line":44,"column":28}},"loc":{"start":{"line":44,"column":33},"end":{"line":44,"column":55}},"line":44},"3":{"name":"(anonymous_3)","decl":{"start":{"line":114,"column":24},"end":{"line":114,"column":25}},"loc":{"start":{"line":114,"column":35},"end":{"line":118,"column":1}},"line":114},"4":{"name":"(anonymous_4)","decl":{"start":{"line":120,"column":27},"end":{"line":120,"column":28}},"loc":{"start":{"line":120,"column":41},"end":{"line":126,"column":1}},"line":120},"5":{"name":"(anonymous_5)","decl":{"start":{"line":122,"column":14},"end":{"line":122,"column":15}},"loc":{"start":{"line":122,"column":31},"end":{"line":124,"column":5}},"line":122}},"branchMap":{"0":{"loc":{"start":{"line":27,"column":4},"end":{"line":30,"column":5}},"type":"if","locations":[{"start":{"line":27,"column":4},"end":{"line":30,"column":5}},{"start":{"line":27,"column":4},"end":{"line":30,"column":5}}],"line":27},"1":{"loc":{"start":{"line":35,"column":2},"end":{"line":37,"column":3}},"type":"if","locations":[{"start":{"line":35,"column":2},"end":{"line":37,"column":3}},{"start":{"line":35,"column":2},"end":{"line":37,"column":3}}],"line":35}},"s":{"0":2,"1":4,"2":4,"3":4,"4":4,"5":0,"6":0,"7":0,"8":0,"9":0,"10":0,"11":0,"12":0,"13":0,"14":4,"15":0,"16":4,"17":0,"18":2,"19":2,"20":2,"21":1,"22":0},"f":{"0":4,"1":0,"2":0,"3":2,"4":1,"5":0},"b":{"0":[0,0],"1":[0,4]},"_coverageSchema":"1a1c01bbd47fc00a2c39e90264f33305004495a9","hash":"8e03da638b950a5393551d7160d8b53860ceaf36"}
,"/Users/khyo/trunk-project-2/client/src/components/ActiveChat/Header.js": {"path":"/Users/khyo/trunk-project-2/client/src/components/ActiveChat/Header.js","statementMap":{"0":{"start":{"line":6,"column":18},"end":{"line":46,"column":3}},"1":{"start":{"line":6,"column":41},"end":{"line":46,"column":1}},"2":{"start":{"line":48,"column":15},"end":{"line":68,"column":1}},"3":{"start":{"line":49,"column":18},"end":{"line":49,"column":29}},"4":{"start":{"line":50,"column":31},"end":{"line":50,"column":36}},"5":{"start":{"line":52,"column":2},"end":{"line":67,"column":4}}},"fnMap":{"0":{"name":"(anonymous_0)","decl":{"start":{"line":6,"column":29},"end":{"line":6,"column":30}},"loc":{"start":{"line":6,"column":41},"end":{"line":46,"column":1}},"line":6},"1":{"name":"(anonymous_1)","decl":{"start":{"line":48,"column":15},"end":{"line":48,"column":16}},"loc":{"start":{"line":48,"column":26},"end":{"line":68,"column":1}},"line":48}},"branchMap":{"0":{"loc":{"start":{"line":59,"column":53},"end":{"line":59,"column":71}},"type":"binary-expr","locations":[{"start":{"line":59,"column":53},"end":{"line":59,"column":59}},{"start":{"line":59,"column":63},"end":{"line":59,"column":71}}],"line":59},"1":{"loc":{"start":{"line":62,"column":11},"end":{"line":62,"column":40}},"type":"cond-expr","locations":[{"start":{"line":62,"column":20},"end":{"line":62,"column":28}},{"start":{"line":62,"column":31},"end":{"line":62,"column":40}}],"line":62}},"s":{"0":2,"1":2,"2":2,"3":2,"4":2,"5":2},"f":{"0":2,"1":2},"b":{"0":[2,0],"1":[0,2]},"_coverageSchema":"1a1c01bbd47fc00a2c39e90264f33305004495a9","hash":"6a68f91d11fa81a5f5d4fd586e21a933dc46a400"}
,"/Users/khyo/trunk-project-2/client/src/components/ActiveChat/Input.js": {"path":"/Users/khyo/trunk-project-2/client/src/components/ActiveChat/Input.js","statementMap":{"0":{"start":{"line":7,"column":15},"end":{"line":18,"column":1}},"1":{"start":{"line":22,"column":4},"end":{"line":22,"column":17}},"2":{"start":{"line":23,"column":4},"end":{"line":25,"column":6}},"3":{"start":{"line":28,"column":17},"end":{"line":32,"column":3}},"4":{"start":{"line":29,"column":4},"end":{"line":31,"column":7}},"5":{"start":{"line":34,"column":17},"end":{"line":49,"column":3}},"6":{"start":{"line":35,"column":4},"end":{"line":35,"column":27}},"7":{"start":{"line":37,"column":4},"end":{"line":48,"column":5}},"8":{"start":{"line":38,"column":22},"end":{"line":43,"column":7}},"9":{"start":{"line":44,"column":6},"end":{"line":44,"column":44}},"10":{"start":{"line":45,"column":6},"end":{"line":47,"column":9}},"11":{"start":{"line":52,"column":24},"end":{"line":52,"column":34}},"12":{"start":{"line":53,"column":4},"end":{"line":66,"column":6}},"13":{"start":{"line":70,"column":24},"end":{"line":75,"column":1}},"14":{"start":{"line":71,"column":2},"end":{"line":74,"column":4}},"15":{"start":{"line":77,"column":27},"end":{"line":83,"column":1}},"16":{"start":{"line":78,"column":2},"end":{"line":82,"column":4}},"17":{"start":{"line":80,"column":6},"end":{"line":80,"column":37}}},"fnMap":{"0":{"name":"(anonymous_0)","decl":{"start":{"line":21,"column":2},"end":{"line":21,"column":3}},"loc":{"start":{"line":21,"column":21},"end":{"line":26,"column":3}},"line":21},"1":{"name":"(anonymous_1)","decl":{"start":{"line":28,"column":17},"end":{"line":28,"column":18}},"loc":{"start":{"line":28,"column":28},"end":{"line":32,"column":3}},"line":28},"2":{"name":"(anonymous_2)","decl":{"start":{"line":34,"column":17},"end":{"line":34,"column":18}},"loc":{"start":{"line":34,"column":34},"end":{"line":49,"column":3}},"line":34},"3":{"name":"(anonymous_3)","decl":{"start":{"line":51,"column":2},"end":{"line":51,"column":3}},"loc":{"start":{"line":51,"column":11},"end":{"line":67,"column":3}},"line":51},"4":{"name":"(anonymous_4)","decl":{"start":{"line":70,"column":24},"end":{"line":70,"column":25}},"loc":{"start":{"line":70,"column":35},"end":{"line":75,"column":1}},"line":70},"5":{"name":"(anonymous_5)","decl":{"start":{"line":77,"column":27},"end":{"line":77,"column":28}},"loc":{"start":{"line":77,"column":41},"end":{"line":83,"column":1}},"line":77},"6":{"name":"(anonymous_6)","decl":{"start":{"line":79,"column":17},"end":{"line":79,"column":18}},"loc":{"start":{"line":79,"column":30},"end":{"line":81,"column":5}},"line":79}},"branchMap":{"0":{"loc":{"start":{"line":37,"column":4},"end":{"line":48,"column":5}},"type":"if","locations":[{"start":{"line":37,"column":4},"end":{"line":48,"column":5}},{"start":{"line":37,"column":4},"end":{"line":48,"column":5}}],"line":37},"1":{"loc":{"start":{"line":42,"column":16},"end":{"line":42,"column":66}},"type":"cond-expr","locations":[{"start":{"line":42,"column":44},"end":{"line":42,"column":48}},{"start":{"line":42,"column":51},"end":{"line":42,"column":66}}],"line":42}},"s":{"0":2,"1":2,"2":2,"3":2,"4":1,"5":2,"6":0,"7":0,"8":0,"9":0,"10":0,"11":3,"12":3,"13":2,"14":0,"15":2,"16":0,"17":0},"f":{"0":2,"1":1,"2":0,"3":3,"4":0,"5":0,"6":0},"b":{"0":[0,0],"1":[0,0]},"_coverageSchema":"1a1c01bbd47fc00a2c39e90264f33305004495a9","hash":"184d027115460ca49e6a2d823fa3b77e81194d5b"}
,"/Users/khyo/trunk-project-2/client/src/components/Sidebar/ChatContent.js": {"path":"/Users/khyo/trunk-project-2/client/src/components/Sidebar/ChatContent.js","statementMap":{"0":{"start":{"line":5,"column":18},"end":{"line":39,"column":3}},"1":{"start":{"line":5,"column":41},"end":{"line":39,"column":1}},"2":{"start":{"line":41,"column":20},"end":{"line":67,"column":1}},"3":{"start":{"line":42,"column":18},"end":{"line":42,"column":29}},"4":{"start":{"line":44,"column":27},"end":{"line":44,"column":32}},"5":{"start":{"line":45,"column":63},"end":{"line":45,"column":75}},"6":{"start":{"line":47,"column":2},"end":{"line":66,"column":4}}},"fnMap":{"0":{"name":"(anonymous_0)","decl":{"start":{"line":5,"column":29},"end":{"line":5,"column":30}},"loc":{"start":{"line":5,"column":41},"end":{"line":39,"column":1}},"line":5},"1":{"name":"(anonymous_1)","decl":{"start":{"line":41,"column":20},"end":{"line":41,"column":21}},"loc":{"start":{"line":41,"column":31},"end":{"line":67,"column":1}},"line":41}},"branchMap":{"0":{"loc":{"start":{"line":55,"column":17},"end":{"line":55,"column":79}},"type":"cond-expr","locations":[{"start":{"line":55,"column":38},"end":{"line":55,"column":56}},{"start":{"line":55,"column":59},"end":{"line":55,"column":79}}],"line":55},"1":{"loc":{"start":{"line":60,"column":7},"end":{"line":64,"column":7}},"type":"binary-expr","locations":[{"start":{"line":60,"column":7},"end":{"line":60,"column":25}},{"start":{"line":61,"column":8},"end":{"line":63,"column":21}}],"line":60}},"s":{"0":3,"1":2,"2":3,"3":2,"4":2,"5":2,"6":2},"f":{"0":2,"1":2},"b":{"0":[0,2],"1":[2,0]},"_coverageSchema":"1a1c01bbd47fc00a2c39e90264f33305004495a9","hash":"a2ba00964900eafbd40ab873227338dacbb932e8"}
,"/Users/khyo/trunk-project-2/client/src/components/Sidebar/CurrentUser.js": {"path":"/Users/khyo/trunk-project-2/client/src/components/Sidebar/CurrentUser.js","statementMap":{"0":{"start":{"line":8,"column":18},"end":{"line":33,"column":3}},"1":{"start":{"line":8,"column":36},"end":{"line":33,"column":1}},"2":{"start":{"line":35,"column":27},"end":{"line":51,"column":1}},"3":{"start":{"line":36,"column":18},"end":{"line":36,"column":29}},"4":{"start":{"line":38,"column":15},"end":{"line":38,"column":31}},"5":{"start":{"line":40,"column":2},"end":{"line":50,"column":4}},"6":{"start":{"line":53,"column":24},"end":{"line":57,"column":1}},"7":{"start":{"line":54,"column":2},"end":{"line":56,"column":4}}},"fnMap":{"0":{"name":"(anonymous_0)","decl":{"start":{"line":8,"column":29},"end":{"line":8,"column":30}},"loc":{"start":{"line":8,"column":36},"end":{"line":33,"column":1}},"line":8},"1":{"name":"(anonymous_1)","decl":{"start":{"line":35,"column":27},"end":{"line":35,"column":28}},"loc":{"start":{"line":35,"column":38},"end":{"line":51,"column":1}},"line":35},"2":{"name":"(anonymous_2)","decl":{"start":{"line":53,"column":24},"end":{"line":53,"column":25}},"loc":{"start":{"line":53,"column":35},"end":{"line":57,"column":1}},"line":53}},"branchMap":{"0":{"loc":{"start":{"line":38,"column":15},"end":{"line":38,"column":31}},"type":"binary-expr","locations":[{"start":{"line":38,"column":15},"end":{"line":38,"column":25}},{"start":{"line":38,"column":29},"end":{"line":38,"column":31}}],"line":38}},"s":{"0":2,"1":2,"2":2,"3":2,"4":2,"5":2,"6":2,"7":0},"f":{"0":2,"1":2,"2":0},"b":{"0":[2,1]},"_coverageSchema":"1a1c01bbd47fc00a2c39e90264f33305004495a9","hash":"28cb356f83edd36e490e69dccd3fe46aed755399"}
,"/Users/khyo/trunk-project-2/client/src/components/Sidebar/Search.js": {"path":"/Users/khyo/trunk-project-2/client/src/components/Sidebar/Search.js","statementMap":{"0":{"start":{"line":6,"column":15},"end":{"line":25,"column":1}},"1":{"start":{"line":28,"column":17},"end":{"line":30,"column":3}},"2":{"start":{"line":29,"column":4},"end":{"line":29,"column":27}},"3":{"start":{"line":33,"column":24},"end":{"line":33,"column":34}},"4":{"start":{"line":34,"column":4},"end":{"line":51,"column":6}}},"fnMap":{"0":{"name":"(anonymous_0)","decl":{"start":{"line":28,"column":17},"end":{"line":28,"column":18}},"loc":{"start":{"line":28,"column":28},"end":{"line":30,"column":3}},"line":28},"1":{"name":"(anonymous_1)","decl":{"start":{"line":32,"column":2},"end":{"line":32,"column":3}},"loc":{"start":{"line":32,"column":11},"end":{"line":52,"column":3}},"line":32}},"branchMap":{},"s":{"0":3,"1":2,"2":0,"3":2,"4":2},"f":{"0":0,"1":2},"b":{},"_coverageSchema":"1a1c01bbd47fc00a2c39e90264f33305004495a9","hash":"e2b27f22eedcfd0c841c32619567499d2fc2ebfc"}
}
