TN:
SF:src/App.js
FN:10,App
FNF:1
FNH:1
FNDA:1,App
DA:11,1
LF:1
LH:1
BRF:0
BRH:0
end_of_record
TN:
SF:src/Login.js
FN:14,(anonymous_0)
FN:18,(anonymous_1)
FN:35,(anonymous_2)
FN:71,(anonymous_3)
FN:77,(anonymous_4)
FN:79,(anonymous_5)
FNF:6
FNH:1
FNDA:2,(anonymous_0)
FNDA:0,(anonymous_1)
FNDA:0,(anonymous_2)
FNDA:0,(anonymous_3)
FNDA:0,(anonymous_4)
FNDA:0,(anonymous_5)
DA:14,2
DA:15,2
DA:16,2
DA:18,2
DA:19,0
DA:20,0
DA:21,0
DA:23,0
DA:26,2
DA:27,0
DA:30,2
DA:35,0
DA:71,2
DA:72,0
DA:77,2
DA:78,0
DA:80,0
LF:17
LH:8
BRDA:26,0,0,0
BRDA:26,0,1,2
BRF:2
BRH:1
end_of_record
TN:
SF:src/Signup.js
FN:15,(anonymous_0)
FN:20,(anonymous_1)
FN:44,(anonymous_2)
FN:114,(anonymous_3)
FN:120,(anonymous_4)
FN:122,(anonymous_5)
FNF:6
FNH:3
FNDA:4,(anonymous_0)
FNDA:0,(anonymous_1)
FNDA:0,(anonymous_2)
FNDA:2,(anonymous_3)
FNDA:1,(anonymous_4)
FNDA:0,(anonymous_5)
DA:15,2
DA:16,4
DA:17,4
DA:18,4
DA:20,4
DA:21,0
DA:22,0
DA:23,0
DA:24,0
DA:25,0
DA:27,0
DA:28,0
DA:29,0
DA:32,0
DA:35,4
DA:36,0
DA:39,4
DA:44,0
DA:114,2
DA:115,2
DA:120,2
DA:121,1
DA:123,0
LF:23
LH:11
BRDA:27,0,0,0
BRDA:27,0,1,0
BRDA:35,1,0,0
BRDA:35,1,1,4
BRF:4
BRH:1
end_of_record
TN:
SF:src/components/ActiveChat/Header.js
FN:6,(anonymous_0)
FN:48,(anonymous_1)
FNF:2
FNH:2
FNDA:2,(anonymous_0)
FNDA:2,(anonymous_1)
DA:6,2
DA:48,2
DA:49,2
DA:50,2
DA:52,2
LF:5
LH:5
BRDA:59,0,0,2
BRDA:59,0,1,0
BRDA:62,1,0,0
BRDA:62,1,1,2
BRF:4
BRH:2
end_of_record
TN:
SF:src/components/ActiveChat/Input.js
FN:21,(anonymous_0)
FN:28,(anonymous_1)
FN:34,(anonymous_2)
FN:51,(anonymous_3)
FN:70,(anonymous_4)
FN:77,(anonymous_5)
FN:79,(anonymous_6)
FNF:7
FNH:3
FNDA:2,(anonymous_0)
FNDA:1,(anonymous_1)
FNDA:0,(anonymous_2)
FNDA:3,(anonymous_3)
FNDA:0,(anonymous_4)
FNDA:0,(anonymous_5)
FNDA:0,(anonymous_6)
DA:7,2
DA:22,2
DA:23,2
DA:28,2
DA:29,1
DA:34,2
DA:35,0
DA:37,0
DA:38,0
DA:44,0
DA:45,0
DA:52,3
DA:53,3
DA:70,2
DA:71,0
DA:77,2
DA:78,0
DA:80,0
LF:18
LH:10
BRDA:37,0,0,0
BRDA:37,0,1,0
BRDA:42,1,0,0
BRDA:42,1,1,0
BRF:4
BRH:0
end_of_record
TN:
SF:src/components/Sidebar/ChatContent.js
FN:5,(anonymous_0)
FN:41,(anonymous_1)
FNF:2
FNH:2
FNDA:2,(anonymous_0)
FNDA:2,(anonymous_1)
DA:5,3
DA:41,3
DA:42,2
DA:44,2
DA:45,2
DA:47,2
LF:6
LH:6
BRDA:55,0,0,0
BRDA:55,0,1,2
BRDA:60,1,0,2
BRDA:60,1,1,0
BRF:4
BRH:2
end_of_record
TN:
SF:src/components/Sidebar/CurrentUser.js
FN:8,(anonymous_0)
FN:35,(anonymous_1)
FN:53,(anonymous_2)
FNF:3
FNH:2
FNDA:2,(anonymous_0)
FNDA:2,(anonymous_1)
FNDA:0,(anonymous_2)
DA:8,2
DA:35,2
DA:36,2
DA:38,2
DA:40,2
DA:53,2
DA:54,0
LF:7
LH:6
BRDA:38,0,0,2
BRDA:38,0,1,1
BRF:2
BRH:2
end_of_record
TN:
SF:src/components/Sidebar/Search.js
FN:28,(anonymous_0)
FN:32,(anonymous_1)
FNF:2
FNH:1
FNDA:0,(anonymous_0)
FNDA:2,(anonymous_1)
DA:6,3
DA:28,2
DA:29,0
DA:33,2
DA:34,2
LF:5
LH:4
BRF:0
BRH:0
end_of_record
